<?xml version="1.0" encoding="UTF-8"?>
<testsuite xmlns:xsi="http://www.w3.org/2001/XMLSchema-instance" xsi:noNamespaceSchemaLocation="https://maven.apache.org/surefire/maven-surefire-plugin/xsd/surefire-test-report.xsd" version="3.0.1" name="com.e2etests.automation.RunWebSuiteTest" time="24.686" tests="1" errors="0" skipped="0" failures="0">
  <properties>
[...]
</properties>
  <testcase name="User selects multiple options from the dropdown list" classname="handling drop-down lists" time="23.263">
    <system-out><![CDATA[
@DropdownList @DropdownMultiselect @checkbox @multiple @fonctionnel
Scenario: User selects multiple options from the dropdown list                                                        # src/spec/features/features_files/DropdownList.feature:65
  Given The user is connected to the qatrainig web site                                                               # com.e2etests.automation.step_definitions.LoginStepDefinition.theUserIsConnectedToTheQatrainigWebSite()
  And The user clicks on FonctionnalitÃ©s link in the navbar menu                                                      # com.e2etests.automation.step_definitions.LoginStepDefinition.theUserClicksOnFonctionnalitÃ©sLinkInTheNavbarMenu()
  And The user clicks on Dropdown list link in the features list                                                      # com.e2etests.automation.step_definitions.DropdownListStepDefinition.theUserClicksOnDropdownListLinkInTheFeaturesList()
  And The user is redirected to the "DROPDOWN LIST" page                                                              # com.e2etests.automation.step_definitions.DropdownListStepDefinition.theUserIsRedirectedToThePage(java.lang.String)
  When The user clicks on the dropdown list and select two options from the list                                      # com.e2etests.automation.step_definitions.DropdownListStepDefinition.theUserClicksOnTheDropdownListAndSelectTwoOptionsFromTheList()
  Then The name of the selected options appears bellow the dropdown list "Vous avez sÃ©lectionnÃ© : Option 2, Option 4" # com.e2etests.automation.step_definitions.DropdownListStepDefinition.theNameOfTheSelectedOptionsAppearsBellowTheDropdownList(java.lang.String)
]]></system-out>
    <system-err><![CDATA[mai 30, 2025 11:10:45 PM org.openqa.selenium.devtools.CdpVersionFinder findNearestMatch
WARNING: Unable to find CDP implementation matching 136
mai 30, 2025 11:10:45 PM org.openqa.selenium.chromium.ChromiumDriver lambda$new$5
WARNING: Unable to find version of CDP to use for 136.0.7103.114. You may need to include a dependency on a specific version of the CDP using something similar to `org.seleniumhq.selenium:selenium-devtools-v86:4.25.0` where the version ("v86") matches the version of the chromium-based browser you're using and the version number of the artifact is the same as Selenium's.
]]></system-err>
  </testcase>
</testsuite>